<?xml version="1.0" encoding="UTF-8"?>
<testsuite name="com.JavierLopez_S.calculator.CalculatorApplicationTest" tests="1" skipped="0" failures="0" errors="0" timestamp="2025-03-14T15:44:50.522Z" hostname="sheila-VirtualBox" time="0.002">
  <properties/>
  <testcase name="testSum" classname="com.JavierLopez_S.calculator.CalculatorApplicationTest" time="0.002"/>
  <system-out><![CDATA[]]></system-out>
  <system-err><![CDATA[]]></system-err>
</testsuite>
